#
# An unexpected error has been detected by Java Runtime Environment:
#
#  EXCEPTION_ACCESS_VIOLATION (0xc0000005) at pc=0x3ffbfa18, pid=4116, tid=3068
#
# Java VM: Java HotSpot(TM) Client VM (1.6.0-b105 mixed mode)
# Problematic frame:
# C  0x3ffbfa18
#
# If you would like to submit a bug report, please visit:
#   http://java.sun.com/webapps/bugreport/crash.jsp
#

---------------  T H R E A D  ---------------

Current thread (0x3dbf0000):  JavaThread "Timer-2" daemon [_thread_blocked, id=3068]

siginfo: ExceptionCode=0xc0000005, writing address 0xffffffb4

Registers:
EAX=0x00000102, EBX=0x3f2bcf58, ECX=0x3ffbf9f4, EDX=0x7c90e514
ESP=0x3ffbf9f8, EBP=0x3ffbfa48, ESI=0x00000b84, EDI=0x00000000
EIP=0x3ffbfa18, EFLAGS=0x00010297

Top of Stack: (sp=0x3ffbf9f8)
0x3ffbf9f8:   000001ee 000001ee 3f2bcf58 00000014
0x3ffbfa08:   00000001 00000000 00000000 00000010
0x3ffbfa18:   ffb49f20 ffffffff 7ffdf000 7ff95000
0x3ffbfa28:   3ffbfa18 3dbf0000 3ffbf9f8 3ffbf61c
0x3ffbfa38:   3ffbfce4 7c839ad8 7c802608 00000000
0x3ffbfa48:   3ffbfa5c 7c802542 00000b84 000001ee
0x3ffbfa58:   00000000 3ffbfa8c 78f1c455 00000b84
0x3ffbfa68:   000001ee 1243a4cc 3dbf0000 00000000 

Instructions: (pc=0x3ffbfa18)
0x3ffbfa08:   01 00 00 00 00 00 00 00 00 00 00 00 10 00 00 00
0x3ffbfa18:   20 9f b4 ff ff ff ff ff 00 f0 fd 7f 00 50 f9 7f 


Stack: [0x3ff40000,0x3ffc0000),  sp=0x3ffbf9f8,  free space=510k
Native frames: (J=compiled Java code, j=interpreted, Vv=VM code, C=native code)
C  0x3ffbfa18
C  [kernel32.dll+0x2542]
V  [jvm.dll+0x14c455]

Java frames: (J=compiled Java code, j=interpreted, Vv=VM code)
J  java.lang.Object.wait(J)V
J  java.util.TimerThread.mainLoop()V
j  java.util.TimerThread.run()V+1
v  ~StubRoutines::call_stub

---------------  P R O C E S S  ---------------

Java Threads: ( => current thread )
  0x3f58f000 JavaThread "Thread-66" [_thread_in_native, id=2652]
  0x3f511400 JavaThread "Thread-37" [_thread_blocked, id=2400]
  0x3f486800 JavaThread "Timer-12" [_thread_blocked, id=4480]
  0x3f36a800 JavaThread "Thread-26" [_thread_blocked, id=5296]
  0x3f3ae800 JavaThread "Active Reference Queue Daemon" daemon [_thread_blocked, id=1372]
  0x3f363800 JavaThread "Timer-10" daemon [_thread_blocked, id=4932]
  0x3f2d7400 JavaThread "Prefs Updater" [_thread_blocked, id=5668]
=>0x3dbf0000 JavaThread "Timer-2" daemon [_thread_blocked, id=3068]
  0x3db31000 JavaThread "TimerQueue" daemon [_thread_blocked, id=2656]
  0x3dc47800 JavaThread "AWT-EventQueue-0" [_thread_blocked, id=1004]
  0x3dc47400 JavaThread "AWT-Shutdown" [_thread_blocked, id=5708]
  0x3de1cc00 JavaThread "Timer-0" [_thread_blocked, id=4144]
  0x3ddef800 JavaThread "AWT-Windows" daemon [_thread_in_native, id=3512]
  0x3ddee000 JavaThread "Java2D Disposer" daemon [_thread_blocked, id=5360]
  0x12455800 JavaThread "Low Memory Detector" daemon [_thread_blocked, id=4292]
  0x1244dc00 JavaThread "CompilerThread0" daemon [_thread_blocked, id=3564]
  0x12479000 JavaThread "Attach Listener" daemon [_thread_blocked, id=4128]
  0x12478400 JavaThread "Signal Dispatcher" daemon [_thread_blocked, id=5104]
  0x1243cc00 JavaThread "Finalizer" daemon [_thread_blocked, id=2924]
  0x12438800 JavaThread "Reference Handler" daemon [_thread_blocked, id=5120]
  0x0429cc00 JavaThread "main" [_thread_in_native, id=5204]

Other Threads:
  0x12435800 VMThread [id=3508]
  0x12460400 WatcherThread [id=1364]

VM state:not at safepoint (normal execution)

VM Mutex/Monitor currently owned by a thread: None

Heap
 def new generation   total 14784K, used 9466K [0x06350000, 0x07350000, 0x08350000)
  eden space 13184K,  69% used [0x06350000, 0x06c45128, 0x07030000)
  from space 1600K,  18% used [0x071c0000, 0x07209858, 0x07350000)
  to   space 1600K,   0% used [0x07030000, 0x07030000, 0x071c0000)
 tenured generation   total 49152K, used 48832K [0x08350000, 0x0b350000, 0x0e350000)
   the space 49152K,  99% used [0x08350000, 0x0b3003d0, 0x0b300400, 0x0b350000)
 compacting perm gen  total 32768K, used 28923K [0x0e350000, 0x10350000, 0x12350000)
   the space 32768K,  88% used [0x0e350000, 0x0ff8ef20, 0x0ff8f000, 0x10350000)
No shared spaces configured.

Dynamic libraries:
0x00400000 - 0x004eb000 	E:\Program Files\MATLAB R2007b\bin\win32\MATLAB.exe
0x7c900000 - 0x7c9b2000 	C:\WINDOWS\system32\ntdll.dll
0x7c800000 - 0x7c8f6000 	C:\WINDOWS\system32\kernel32.dll
0x7aca0000 - 0x7aeba000 	E:\Program Files\MATLAB R2007b\bin\win32\libmwservices.dll
0x7aec0000 - 0x7af1d000 	E:\Program Files\MATLAB R2007b\bin\win32\libmwmathutil.dll
0x7ac50000 - 0x7ac9f000 	E:\Program Files\MATLAB R2007b\bin\win32\libmx.dll
0x7ab80000 - 0x7ac4e000 	E:\Program Files\MATLAB R2007b\bin\win32\libut.dll
0x76c90000 - 0x76cb8000 	C:\WINDOWS\system32\imagehlp.dll
0x77dd0000 - 0x77e6b000 	C:\WINDOWS\system32\ADVAPI32.dll
0x77e70000 - 0x77f03000 	C:\WINDOWS\system32\RPCRT4.dll
0x77fe0000 - 0x77ff1000 	C:\WINDOWS\system32\Secur32.dll
0x77c10000 - 0x77c68000 	C:\WINDOWS\system32\msvcrt.dll
0x76bf0000 - 0x76bfb000 	C:\WINDOWS\system32\PSAPI.DLL
0x789a0000 - 0x78b62000 	E:\Program Files\MATLAB R2007b\bin\win32\xerces-c_2_7.dll
0x7af20000 - 0x7aff7000 	E:\Program Files\MATLAB R2007b\bin\win32\icuuc36.dll
0x7a770000 - 0x7a774000 	E:\Program Files\MATLAB R2007b\bin\win32\icudt36.dll
0x78130000 - 0x781cb000 	C:\WINDOWS\WinSxS\x86_Microsoft.VC80.CRT_1fc8b3b9a1e18e3b_8.0.50727.6195_x-ww_44262b86\MSVCR80.dll
0x71ab0000 - 0x71ac7000 	C:\WINDOWS\system32\WS2_32.dll
0x71aa0000 - 0x71aa8000 	C:\WINDOWS\system32\WS2HELP.dll
0x7a9e0000 - 0x7aaa2000 	E:\Program Files\MATLAB R2007b\bin\win32\icuin36.dll
0x7a780000 - 0x7a78c000 	E:\Program Files\MATLAB R2007b\bin\win32\icuio36.dll
0x7c420000 - 0x7c4a7000 	C:\WINDOWS\WinSxS\x86_Microsoft.VC80.CRT_1fc8b3b9a1e18e3b_8.0.50727.6195_x-ww_44262b86\MSVCP80.dll
0x7e410000 - 0x7e4a1000 	C:\WINDOWS\system32\USER32.dll
0x77f10000 - 0x77f59000 	C:\WINDOWS\system32\GDI32.dll
0x78620000 - 0x78632000 	E:\Program Files\MATLAB R2007b\bin\win32\zlib1.dll
0x79120000 - 0x79154000 	E:\Program Files\MATLAB R2007b\bin\win32\mpath.dll
0x5d090000 - 0x5d12a000 	C:\WINDOWS\system32\COMCTL32.dll
0x763b0000 - 0x763f9000 	C:\WINDOWS\system32\comdlg32.dll
0x7c9c0000 - 0x7d1d7000 	C:\WINDOWS\system32\SHELL32.dll
0x77f60000 - 0x77fd6000 	C:\WINDOWS\system32\SHLWAPI.dll
0x5b860000 - 0x5b8b5000 	C:\WINDOWS\system32\NETAPI32.dll
0x796e0000 - 0x79713000 	E:\Program Files\MATLAB R2007b\bin\win32\mcr.dll
0x78500000 - 0x78518000 	E:\Program Files\MATLAB R2007b\bin\win32\bridge.dll
0x7a790000 - 0x7a79d000 	E:\Program Files\MATLAB R2007b\bin\win32\iqm.dll
0x7a7b0000 - 0x7a7be000 	E:\Program Files\MATLAB R2007b\bin\win32\libmex.dll
0x79550000 - 0x795a4000 	E:\Program Files\MATLAB R2007b\bin\win32\m_dispatcher.dll
0x78520000 - 0x7853c000 	E:\Program Files\MATLAB R2007b\bin\win32\datasvcs.dll
0x79c60000 - 0x7a0f2000 	E:\Program Files\MATLAB R2007b\bin\win32\m_interpreter.dll
0x78540000 - 0x78560000 	E:\Program Files\MATLAB R2007b\bin\win32\libmat.dll
0x7aab0000 - 0x7ab78000 	E:\Program Files\MATLAB R2007b\bin\win32\libhdf5.dll
0x7a810000 - 0x7a819000 	E:\Program Files\MATLAB R2007b\bin\win32\libmwmathrng.dll
0x790e0000 - 0x79111000 	E:\Program Files\MATLAB R2007b\bin\win32\m_ir.dll
0x79790000 - 0x79c58000 	E:\Program Files\MATLAB R2007b\bin\win32\m_parser.dll
0x7a7a0000 - 0x7a7ac000 	E:\Program Files\MATLAB R2007b\bin\win32\ir_xfmr.dll
0x782e0000 - 0x783df000 	E:\Program Files\MATLAB R2007b\bin\win32\mcos.dll
0x7a840000 - 0x7a84a000 	E:\Program Files\MATLAB R2007b\bin\win32\mtok.dll
0x78580000 - 0x78595000 	E:\Program Files\MATLAB R2007b\bin\win32\m_pcodegen.dll
0x785a0000 - 0x785b2000 	E:\Program Files\MATLAB R2007b\bin\win32\m_pcodeio.dll
0x79460000 - 0x794a7000 	E:\Program Files\MATLAB R2007b\bin\win32\profiler.dll
0x7a760000 - 0x7a76d000 	E:\Program Files\MATLAB R2007b\bin\win32\boost_thread-vc80-mt-1_33_1.dll
0x7a640000 - 0x7a6c8000 	E:\Program Files\MATLAB R2007b\bin\win32\udd.dll
0x79410000 - 0x79458000 	E:\Program Files\MATLAB R2007b\bin\win32\comcli.dll
0x79020000 - 0x79055000 	E:\Program Files\MATLAB R2007b\bin\win32\jmi.dll
0x71ad0000 - 0x71ad9000 	C:\WINDOWS\system32\WSOCK32.dll
0x7a6d0000 - 0x7a75b000 	E:\Program Files\MATLAB R2007b\bin\win32\uiw.dll
0x7b000000 - 0x7b0d6000 	E:\Program Files\MATLAB R2007b\bin\win32\libmwgui.dll
0x78d40000 - 0x78d6a000 	E:\Program Files\MATLAB R2007b\bin\win32\libmwhardcopy.dll
0x790a0000 - 0x790d2000 	E:\Program Files\MATLAB R2007b\bin\win32\libuij.dll
0x7a880000 - 0x7a889000 	E:\Program Files\MATLAB R2007b\bin\win32\uinone.dll
0x781d0000 - 0x782df000 	C:\WINDOWS\WinSxS\x86_Microsoft.VC80.MFC_1fc8b3b9a1e18e3b_8.0.50727.6195_x-ww_150c9e8b\MFC80.DLL
0x73000000 - 0x73026000 	C:\WINDOWS\system32\WINSPOOL.DRV
0x774e0000 - 0x7761e000 	C:\WINDOWS\system32\ole32.dll
0x77120000 - 0x771ab000 	C:\WINDOWS\system32\OLEAUT32.dll
0x7c630000 - 0x7c64b000 	C:\WINDOWS\WinSxS\x86_Microsoft.VC80.ATL_1fc8b3b9a1e18e3b_8.0.50727.6195_x-ww_a4c618fa\ATL80.DLL
0x78680000 - 0x787e8000 	E:\Program Files\MATLAB R2007b\bin\win32\hg.dll
0x787f0000 - 0x7899e000 	E:\Program Files\MATLAB R2007b\bin\win32\numerics.dll
0x7a7c0000 - 0x7a7c7000 	E:\Program Files\MATLAB R2007b\bin\win32\libmwamd.dll
0x794b0000 - 0x79508000 	E:\Program Files\MATLAB R2007b\bin\win32\libmwcholmod.dll
0x7a7f0000 - 0x7a7f7000 	E:\Program Files\MATLAB R2007b\bin\win32\libmwcolamd.dll
0x78560000 - 0x7857a000 	E:\Program Files\MATLAB R2007b\bin\win32\libmwlapack.dll
0x7a7d0000 - 0x7a7dc000 	E:\Program Files\MATLAB R2007b\bin\win32\libmwbinder.dll
0x7a7e0000 - 0x7a7e9000 	E:\Program Files\MATLAB R2007b\bin\win32\libmwblas.dll
0x7a800000 - 0x7a807000 	E:\Program Files\MATLAB R2007b\bin\win32\libmwcsparse.dll
0x78d70000 - 0x78d96000 	E:\Program Files\MATLAB R2007b\bin\win32\libmwma57.dll
0x7a930000 - 0x7a9d9000 	E:\Program Files\MATLAB R2007b\bin\win32\libifcoremd.dll
0x79160000 - 0x7940c000 	E:\Program Files\MATLAB R2007b\bin\win32\libmmd.dll
0x79670000 - 0x796dc000 	E:\Program Files\MATLAB R2007b\bin\win32\libmwumfpack.dll
0x7a5b0000 - 0x7a638000 	E:\Program Files\MATLAB R2007b\bin\win32\libfftw3.dll
0x7a890000 - 0x7a92c000 	E:\Program Files\MATLAB R2007b\bin\win32\libfftw3f.dll
0x7a830000 - 0x7a83b000 	E:\Program Files\MATLAB R2007b\bin\win32\mlautoregister.dll
0x785c0000 - 0x785d2000 	E:\Program Files\MATLAB R2007b\bin\win32\mwoles05.DLL
0x79720000 - 0x79785000 	E:\Program Files\MATLAB R2007b\bin\win32\udd_mi.dll
0x76390000 - 0x763ad000 	C:\WINDOWS\system32\IMM32.DLL
0x629c0000 - 0x629c9000 	C:\WINDOWS\system32\LPK.DLL
0x74d90000 - 0x74dfb000 	C:\WINDOWS\system32\USP10.dll
0x773d0000 - 0x774d3000 	C:\WINDOWS\WinSxS\x86_Microsoft.Windows.Common-Controls_6595b64144ccf1df_6.0.2600.6028_x-ww_61e65202\comctl32.dll
0x5d360000 - 0x5d36e000 	C:\WINDOWS\WinSxS\x86_Microsoft.VC80.MFCLOC_1fc8b3b9a1e18e3b_8.0.50727.6195_x-ww_6a5bb789\MFC80ENU.DLL
0x7a100000 - 0x7a5b0000 	E:\Program Files\MATLAB R2007b\bin\win32\mllapack.dll
0x7b3f0000 - 0x7bcc7000 	E:\Program Files\MATLAB R2007b\bin\win32\mkl.dll
0x79060000 - 0x79095000 	E:\Program Files\MATLAB R2007b\bin\win32\libguide40.dll
0x7b0e0000 - 0x7b0e5000 	E:\Program Files\MATLAB R2007b\bin\win32\mklcompat.dll
0x5ad70000 - 0x5ada8000 	C:\WINDOWS\system32\uxtheme.dll
0x67340000 - 0x673ef000 	D:\Program Files\Security\360\360Safe\safemon\safemon.dll
0x77c00000 - 0x77c08000 	C:\WINDOWS\system32\VERSION.dll
0x3d930000 - 0x3da17000 	C:\WINDOWS\system32\WININET.dll
0x02320000 - 0x02329000 	C:\WINDOWS\system32\Normaliz.dll
0x02330000 - 0x02464000 	C:\WINDOWS\system32\urlmon.dll
0x3dfd0000 - 0x3e1b9000 	C:\WINDOWS\system32\iertutil.dll
0x74720000 - 0x7476c000 	C:\WINDOWS\system32\MSCTF.dll
0x63000000 - 0x63014000 	C:\WINDOWS\system32\SynTPFcs.dll
0x755c0000 - 0x755ee000 	C:\WINDOWS\system32\msctfime.ime
0x74290000 - 0x74294000 	C:\WINDOWS\system32\icmp.Dll
0x76d60000 - 0x76d79000 	C:\WINDOWS\system32\iphlpapi.dll
0x78dd0000 - 0x79017000 	E:\Program Files\MATLAB R2007b\sys\java\jre\win32\jre1.6.0\bin\client\jvm.dll
0x76b40000 - 0x76b6d000 	C:\WINDOWS\system32\WINMM.dll
0x795b0000 - 0x79606000 	E:\Program Files\MATLAB R2007b\bin\win32\MSVCR71.dll
0x79510000 - 0x79518000 	E:\Program Files\MATLAB R2007b\sys\java\jre\win32\jre1.6.0\bin\hpi.dll
0x79530000 - 0x7953c000 	E:\Program Files\MATLAB R2007b\sys\java\jre\win32\jre1.6.0\bin\verify.dll
0x78640000 - 0x7865f000 	E:\Program Files\MATLAB R2007b\sys\java\jre\win32\jre1.6.0\bin\java.dll
0x79540000 - 0x7954f000 	E:\Program Files\MATLAB R2007b\sys\java\jre\win32\jre1.6.0\bin\zip.dll
0x78b70000 - 0x78d33000 	E:\Program Files\MATLAB R2007b\sys\java\jre\win32\jre1.6.0\bin\awt.dll
0x785e0000 - 0x785f2000 	E:\Program Files\MATLAB R2007b\bin\win32\nativejava.dll
0x78600000 - 0x78611000 	E:\Program Files\MATLAB R2007b\bin\win32\nativejmi.dll
0x7a870000 - 0x7a876000 	E:\Program Files\MATLAB R2007b\bin\win32\nativeservices.dll
0x79610000 - 0x79663000 	E:\Program Files\MATLAB R2007b\sys\java\jre\win32\jre1.6.0\bin\fontmanager.dll
0x78660000 - 0x78673000 	E:\Program Files\MATLAB R2007b\sys\java\jre\win32\jre1.6.0\bin\net.dll
0x79520000 - 0x79529000 	E:\Program Files\MATLAB R2007b\sys\java\jre\win32\jre1.6.0\bin\nio.dll
0x7a860000 - 0x7a866000 	E:\Program Files\MATLAB R2007b\bin\win32\nativelex.dll
0x7a850000 - 0x7a85c000 	E:\Program Files\MATLAB R2007b\bin\win32\nativecmdwin.dll
0x78da0000 - 0x78dc3000 	E:\Program Files\MATLAB R2007b\sys\java\jre\win32\jre1.6.0\bin\dcpr.dll
0x45a50000 - 0x45b0a000 	C:\WINDOWS\System32\spool\DRIVERS\W32X86\3\unidrvui.dll
0x783e0000 - 0x784fa000 	E:\Program Files\MATLAB R2007b\bin\win32\libmwbuiltins.dll
0x77920000 - 0x77a13000 	C:\WINDOWS\system32\SETUPAPI.dll
0x769c0000 - 0x76a74000 	C:\WINDOWS\system32\USERENV.dll
0x77b40000 - 0x77b62000 	C:\WINDOWS\system32\appHelp.dll
0x76fd0000 - 0x7704f000 	C:\WINDOWS\system32\CLBCATQ.DLL
0x77050000 - 0x77115000 	C:\WINDOWS\system32\COMRes.dll
0x028a0000 - 0x028b7000 	C:\Documents and Settings\Xing Xing\Application Data\Dropbox\bin\DropboxExt.14.dll

VM Arguments:
jvm_args: -Xss512k -XX:PermSize=32M -Xms64m -XX:NewRatio=3 -XX:MaxPermSize=64M -Xmx128m -XX:MaxDirectMemorySize=1200000000 -Dsun.java2d.noddraw=true -Dsun.awt.nopixfmt=true -Xshare:off -Djava.library.path=E:\Program Files\MATLAB R2007b\bin\win32 vfprintf abort
java_command: <unknown>
Launcher Type: generic

Environment Variables:
PATH=E:\Program Files\MATLAB R2007b\sys\java\jre\win32\jre1.6.0\bin;E:\Program Files\MATLAB R2007b\sys\webrenderer\windows\corecomponents;E:\Program Files\MATLAB R2007b\sys\webrenderer\windows;D:\Program Files\Doc manager\MikTex\miktex\bin;C:\WINDOWS\system32;C:\WINDOWS;C:\WINDOWS\System32\Wbem;C:\Program Files\ATI Technologies\ATI Control Panel;C:\Program Files\Common Files\Lenovo;C:\Program Files\Lenovo\Client Security Solution;C:\Program Files\Intel\Wireless\Bin\;e:\Program Files\MATLAB R2007b\bin;e:\Program Files\MATLAB R2007b\bin\win32;E:\Program Files\MATLAB Component Runtime\v77\runtime\win32;D:\MSPGCC\bin;D:\tools\MinGW\bin;D:\Program Files\Python27;D:\Program Files\Programming\Android SDK\platform-tools;C:\Program Files\Calibre2\;d:\Program Files\Network\OpenVPN\bin
USERNAME=Xing Xing
OS=Windows_NT
PROCESSOR_IDENTIFIER=x86 Family 6 Model 13 Stepping 6, GenuineIntel



---------------  S Y S T E M  ---------------

OS: Windows XP Build 2600 Service Pack 3

CPU:total 1 family 6, cmov, cx8, fxsr, mmx, sse, sse2

Memory: 4k page, physical 1571760k(290456k free), swap 3516832k(2003076k free)

vm_info: Java HotSpot(TM) Client VM (1.6.0-b105) for windows-x86, built on Nov 29 2006 00:48:48 by "java_re" with unknown MS VC++:1310

